0 silly input [ 'build' ]
1 silly flags { _: [ 'run' ],
1 silly flags   'reject-cycles': false,
1 silly flags   rejectCycles: false,
1 silly flags   parallel: true,
1 silly flags   scope: [ 'codesandbox', 'git-converter' ],
1 silly flags   script: 'build',
1 silly flags   args: [] }
2 verbose rootPath /Users/christianalfoni/Development/codesandbox-importers
3 info version 2.11.0
4 silly existsSync /Users/christianalfoni/Development/codesandbox-importers/VERSION
5 info scope [ 'codesandbox', 'git-converter' ]
6 silly initialize attempt
7 silly initialize success
8 silly execute attempt
9 info run in 2 package(s): npm run build
10 silly runScriptInPackageStreaming [ 'build', [], 'codesandbox' ]
11 silly getExecOpts { cwd:
11 silly getExecOpts    '/Users/christianalfoni/Development/codesandbox-importers/packages/cli' }
12 silly runScriptInPackageStreaming [ 'build', [], 'git-converter' ]
13 silly getExecOpts { cwd:
13 silly getExecOpts    '/Users/christianalfoni/Development/codesandbox-importers/packages/git-extractor' }
14 error execute callback with error
15 error Error: Command failed: yarn run build
15 error error Command failed with exit code 2.
15 error error Command failed with exit code 2.
15 error
15 error $ rimraf dist && yarn compile
15 error $ tsc
15 error src/routes/github/api.ts(650,31): error TS2304: Cannot find name 'username'.
15 error src/routes/github/api.ts(650,41): error TS2304: Cannot find name 'repo'.
15 error src/routes/github/api.ts(650,47): error TS2304: Cannot find name 'pull'.
15 error info Visit https://yarnpkg.com/en/docs/cli/run for documentation about this command.
15 error info Visit https://yarnpkg.com/en/docs/cli/run for documentation about this command.
15 error
15 error     at Promise.all.then.arr (/Users/christianalfoni/Development/codesandbox-importers/node_modules/lerna/node_modules/execa/index.js:236:11)
